<?xml version="1.0" encoding="UTF-8"?>
<!-- Generated by org.testng.reporters.JUnitXMLReporter -->
<testsuite ignored="0" hostname="hp" failures="0" tests="3" name="Test1" time="68.857" errors="0" timestamp="2022-05-31T10:00:40 IST">
  <testcase classname="com.vtiger.genericUtility.BaseClass" name="@AfterMethod logOutFromApplication" time="10.223">
    <failure type="org.openqa.selenium.ElementNotInteractableException" message="element not interactable
  (Session info: MicrosoftEdge=101.0.1210.53)
Build info: version: &amp;apos;3.141.59&amp;apos;, revision: &amp;apos;e82be7d358&amp;apos;, time: &amp;apos;2018-11-14T08:17:03&amp;apos;
System info: host: &amp;apos;HP&amp;apos;, ip: &amp;apos;192.168.43.180&amp;apos;, os.name: &amp;apos;Windows 10&amp;apos;, os.arch: &amp;apos;amd64&amp;apos;, os.version: &amp;apos;10.0&amp;apos;, java.version: &amp;apos;16.0.1&amp;apos;
Driver info: org.openqa.selenium.edge.EdgeDriver
Capabilities {acceptInsecureCerts: false, browserName: msedge, browserVersion: 101.0.1210.53, javascriptEnabled: true, ms:edgeOptions: {debuggerAddress: localhost:55210}, msedge: {msedgedriverVersion: 101.0.1210.53 (019dbf6dd738..., userDataDir: C:\Users\shank\AppData\Loca...}, networkConnectionEnabled: false, pageLoadStrategy: normal, platform: WINDOWS, platformName: WINDOWS, proxy: Proxy(), setWindowRect: true, strictFileInteractability: false, timeouts: {implicit: 0, pageLoad: 300000, script: 30000}, unhandledPromptBehavior: dismiss and notify, webauthn:extension:credBlob: true, webauthn:extension:largeBlob: true, webauthn:virtualAuthenticators: true}
Session ID: 3666efd37c84fe3326c7c5259dc4d528">
      <![CDATA[org.openqa.selenium.ElementNotInteractableException: element not interactable
  (Session info: MicrosoftEdge=101.0.1210.53)
Build info: version: '3.141.59', revision: 'e82be7d358', time: '2018-11-14T08:17:03'
System info: host: 'HP', ip: '192.168.43.180', os.name: 'Windows 10', os.arch: 'amd64', os.version: '10.0', java.version: '16.0.1'
Driver info: org.openqa.selenium.edge.EdgeDriver
Capabilities {acceptInsecureCerts: false, browserName: msedge, browserVersion: 101.0.1210.53, javascriptEnabled: true, ms:edgeOptions: {debuggerAddress: localhost:55210}, msedge: {msedgedriverVersion: 101.0.1210.53 (019dbf6dd738..., userDataDir: C:\Users\shank\AppData\Loca...}, networkConnectionEnabled: false, pageLoadStrategy: normal, platform: WINDOWS, platformName: WINDOWS, proxy: Proxy(), setWindowRect: true, strictFileInteractability: false, timeouts: {implicit: 0, pageLoad: 300000, script: 30000}, unhandledPromptBehavior: dismiss and notify, webauthn:extension:credBlob: true, webauthn:extension:largeBlob: true, webauthn:virtualAuthenticators: true}
Session ID: 3666efd37c84fe3326c7c5259dc4d528
at org.openqa.selenium.remote.http.W3CHttpResponseCodec.createException(W3CHttpResponseCodec.java:187)
at org.openqa.selenium.remote.http.W3CHttpResponseCodec.decode(W3CHttpResponseCodec.java:122)
at org.openqa.selenium.remote.http.W3CHttpResponseCodec.decode(W3CHttpResponseCodec.java:49)
at org.openqa.selenium.remote.HttpCommandExecutor.execute(HttpCommandExecutor.java:158)
at org.openqa.selenium.remote.service.DriverCommandExecutor.execute(DriverCommandExecutor.java:83)
at org.openqa.selenium.remote.RemoteWebDriver.execute(RemoteWebDriver.java:552)
at org.openqa.selenium.remote.RemoteWebElement.execute(RemoteWebElement.java:285)
at org.openqa.selenium.remote.RemoteWebElement.click(RemoteWebElement.java:84)
at org.openqa.selenium.support.pagefactory.internal.LocatingElementHandler.invoke(LocatingElementHandler.java:51)
at jdk.proxy2/jdk.proxy2.$Proxy16.click(Unknown Source)
at com.vtiger.objectrepository.HomePage.signOutLink(HomePage.java:53)
at com.vtiger.genericUtility.BaseClass.logOutFromApplication(BaseClass.java:89)
at java.base/java.util.ArrayList.forEach(ArrayList.java:1511)
... Removed 41 stack frames]]>
    </failure>
  </testcase> <!-- @AfterMethod logOutFromApplication -->
  <testcase classname="com.vtiger.genericUtility.BaseClass" name="@BeforeMethod loginToApplication" time="-1.653971440879E9">
    <skipped/>
  </testcase> <!-- @BeforeMethod loginToApplication -->
  <testcase classname="com.vtiger.genericUtility.BaseClass" name="@AfterMethod logOutFromApplication" time="-1.653971440894E9">
    <skipped/>
  </testcase> <!-- @AfterMethod logOutFromApplication -->
  <testcase classname="com.vtiger.genericUtility.BaseClass" name="@BeforeMethod loginToApplication" time="-1.653971440895E9">
    <skipped/>
  </testcase> <!-- @BeforeMethod loginToApplication -->
  <testcase classname="com.vtiger.genericUtility.BaseClass" name="@AfterMethod logOutFromApplication" time="-1.653971440903E9">
    <skipped/>
  </testcase> <!-- @AfterMethod logOutFromApplication -->
  <testcase classname="com.vtiger.genericUtility.BaseClass" name="@AfterClass closeBrowser" time="-1.653971440905E9">
    <skipped/>
  </testcase> <!-- @AfterClass closeBrowser -->
  <testcase classname="com.vtiger.createOrganization.TC_01_CreateOrganizationTest" name="createOrganization" time="20.792"/>
  <testcase classname="com.vtiger.createOrganization.TC_01_CreateOrganizationTest" name="createOrganizationWithIndustryType" time="0.0">
    <skipped/>
  </testcase> <!-- createOrganizationWithIndustryType -->
  <testcase classname="com.vtiger.createOrganization.TC_01_CreateOrganizationTest" name="dropDownListAppear" time="0.0">
    <skipped/>
  </testcase> <!-- dropDownListAppear -->
</testsuite> <!-- Test1 -->
