<?xml version="1.0" encoding="UTF-8"?>
<testng-results ignored="0" total="1" passed="1" failed="0" skipped="0">
  <reporter-output>
  </reporter-output>
  <suite started-at="2022-07-09T20:43:53 IST" name="Default suite" finished-at="2022-07-09T20:43:58 IST" duration-ms="4589">
    <groups>
    </groups>
    <test started-at="2022-07-09T20:43:53 IST" name="Default test" finished-at="2022-07-09T20:43:58 IST" duration-ms="4589">
      <class name="com.formy.FormyScriptTest">
        <test-method is-config="true" signature="establishDataBaseConnection()[pri:0, instance:com.formy.FormyScriptTest@5b03b9fe]" started-at="2022-07-09T20:43:53 IST" name="establishDataBaseConnection" finished-at="2022-07-09T20:43:53 IST" duration-ms="5" status="PASS">
          <reporter-output>
          </reporter-output>
        </test-method> <!-- establishDataBaseConnection -->
        <test-method is-config="true" signature="launchBrowser()[pri:0, instance:com.formy.FormyScriptTest@5b03b9fe]" started-at="2022-07-09T20:43:53 IST" name="launchBrowser" finished-at="2022-07-09T20:43:55 IST" duration-ms="1393" status="PASS">
          <reporter-output>
          </reporter-output>
        </test-method> <!-- launchBrowser -->
        <test-method is-config="true" signature="loginToApplication()[pri:0, instance:com.formy.FormyScriptTest@5b03b9fe]" started-at="2022-07-09T20:43:55 IST" name="loginToApplication" finished-at="2022-07-09T20:43:58 IST" duration-ms="3022" status="PASS">
          <reporter-output>
          </reporter-output>
        </test-method> <!-- loginToApplication -->
        <test-method signature="loginPage()[pri:0, instance:com.formy.FormyScriptTest@5b03b9fe]" started-at="2022-07-09T20:43:58 IST" name="loginPage" finished-at="2022-07-09T20:43:58 IST" duration-ms="7" status="PASS">
          <reporter-output>
          </reporter-output>
        </test-method> <!-- loginPage -->
        <test-method is-config="true" signature="logOutFromApplication()[pri:0, instance:com.formy.FormyScriptTest@5b03b9fe]" started-at="2022-07-09T20:43:58 IST" name="logOutFromApplication" finished-at="2022-07-09T20:43:58 IST" duration-ms="0" status="PASS">
          <reporter-output>
          </reporter-output>
        </test-method> <!-- logOutFromApplication -->
        <test-method is-config="true" signature="closeBrowser()[pri:0, instance:com.formy.FormyScriptTest@5b03b9fe]" started-at="2022-07-09T20:43:58 IST" name="closeBrowser" finished-at="2022-07-09T20:43:58 IST" duration-ms="136" status="PASS">
          <reporter-output>
          </reporter-output>
        </test-method> <!-- closeBrowser -->
        <test-method is-config="true" signature="closeDatabaseConnection()[pri:0, instance:com.formy.FormyScriptTest@5b03b9fe]" started-at="2022-07-09T20:43:58 IST" name="closeDatabaseConnection" finished-at="2022-07-09T20:43:58 IST" duration-ms="0" status="PASS">
          <reporter-output>
          </reporter-output>
        </test-method> <!-- closeDatabaseConnection -->
      </class> <!-- com.formy.FormyScriptTest -->
    </test> <!-- Default test -->
  </suite> <!-- Default suite -->
</testng-results>
